<?xml version="1.0" encoding="UTF-8"?>
<!-- Generated by org.testng.reporters.JUnitXMLReporter -->
<testsuite ignored="0" hostname="DESKTOP-73V1NA2" failures="0" tests="4" name="Default test" time="0.125" errors="0" timestamp="2026-08-29T13:52:28 IST">
  <testcase classname="testNG.DependanciesManagement" name="login" time="0.032"/>
  <testcase classname="testNG.DependanciesManagement" name="searchProduct" time="0.002"/>
  <testcase classname="testNG.DependanciesManagement" name="addToCart" time="0.001"/>
  <testcase classname="testNG.DependanciesManagement" name="payment" time="0.002"/>
</testsuite> <!-- Default test -->
