<?xml version="1.0" encoding="UTF-8"?>
<!-- Generated by org.testng.reporters.JUnitXMLReporter -->
<testsuite ignored="0" hostname="DESKTOP-73V1NA2" failures="0" tests="4" name="IsolatedClassTest" time="0.072" errors="0" timestamp="2026-08-26T14:07:30 IST">
  <testcase classname="com.info.ParameterScopeDemo" name="classLevelRun" time="0.01"/>
  <testcase classname="com.info.ParameterScopeDemo" name="methodLevelRun" time="0.002"/>
  <testcase classname="com.info.ParameterScopeDemo" name="suiteLevelRun" time="0.001"/>
  <testcase classname="com.info.ParameterScopeDemo" name="testLevelRun" time="0.001"/>
</testsuite> <!-- IsolatedClassTest -->
