<?xml version="1.0" encoding="UTF-8"?>
<!-- Generated by org.testng.reporters.JUnitXMLReporter -->
<testsuite ignored="1" hostname="DESKTOP-73V1NA2" failures="0" tests="3" name="StrictMethodTest" time="0.082" errors="0" timestamp="2026-08-26T14:09:30 IST">
  <testcase classname="com.info.ParameterScopeDemo" name="methodLevelRun" time="0.012"/>
  <testcase classname="com.info.ParameterScopeDemo" name="suiteLevelRun" time="0.002"/>
  <testcase classname="com.info.ParameterScopeDemo" name="testLevelRun" time="0.003"/>
  <testcase classname="com.info.ParameterScopeDemo" name="classLevelRun" time="0.0">
    <ignored/>
  </testcase> <!-- classLevelRun -->
</testsuite> <!-- StrictMethodTest -->
