<?xml version="1.0" encoding="UTF-8"?>
<!-- Generated by org.testng.reporters.JUnitReportReporter -->
<testsuite hostname="DESKTOP-73V1NA2" failures="0" tests="3" name="testNG.omrBranch" time="0.014" errors="0" timestamp="2026-08-26T15:01:31 IST" skipped="1">
  <testcase classname="testNG.omrBranch" name="userName" time="0.012"/>
  <testcase classname="testNG.omrBranch" name="loginBtn" time="0.002"/>
  <testcase classname="testNG.omrBranch" name="password">
    <skipped/>
  </testcase> <!-- password -->
</testsuite> <!-- testNG.omrBranch -->
