<?xml version="1.0" encoding="UTF-8"?>
<!-- Generated by org.testng.reporters.JUnitReportReporter -->
<testsuite hostname="DESKTOP-73V1NA2" failures="0" tests="4" name="testNG.sample" time="0.018" errors="0" timestamp="2026-08-26T15:27:09 IST" skipped="0">
  <testcase classname="testNG.sample" name="login" time="0.013"/>
  <testcase classname="testNG.sample" name="payment" time="0.003"/>
  <testcase classname="testNG.sample" name="searchProduct" time="0.001"/>
  <testcase classname="testNG.sample" name="addToCart" time="0.001"/>
</testsuite> <!-- testNG.sample -->
