<?xml version="1.0" encoding="UTF-8"?>
<!-- Generated by org.testng.reporters.JUnitReportReporter -->
<testsuite hostname="DESKTOP-73V1NA2" failures="0" tests="5" name="testNG.SampleTestCase" time="0.019" errors="0" timestamp="2026-08-26T10:12:51 IST" skipped="0">
  <testcase classname="testNG.SampleTestCase" name="secondTestcase" time="0.005"/>
  <testcase classname="testNG.SampleTestCase" name="fifthTestcase" time="0.004"/>
  <testcase classname="testNG.SampleTestCase" name="firstTestcase" time="0.004"/>
  <testcase classname="testNG.SampleTestCase" name="forthTestcase" time="0.003"/>
  <testcase classname="testNG.SampleTestCase" name="thirdTestcase" time="0.003"/>
</testsuite> <!-- testNG.SampleTestCase -->
